<?xml version="1.0" encoding="UTF-8"?>
<testng-results ignored="0" total="2" passed="1" failed="1" skipped="0">
  <reporter-output>
  </reporter-output>
  <suite started-at="2024-01-16T10:39:12 IST" name="Suite" finished-at="2024-01-16T10:39:41 IST" duration-ms="28397">
    <groups>
      <group name="regression">
        <method signature="TC_001_accountregistration.accountreg()[pri:0, instance:TestCases.TC_001_accountregistration@5afa3c9]" name="accountreg" class="TestCases.TC_001_accountregistration"/>
      </group> <!-- regression -->
      <group name="sanity">
        <method signature="TC_002_loginaccount.LoginTest()[pri:0, instance:TestCases.TC_002_loginaccount@5e2c3d18]" name="LoginTest" class="TestCases.TC_002_loginaccount"/>
      </group> <!-- sanity -->
      <group name="master">
        <method signature="TC_001_accountregistration.accountreg()[pri:0, instance:TestCases.TC_001_accountregistration@5afa3c9]" name="accountreg" class="TestCases.TC_001_accountregistration"/>
        <method signature="TC_002_loginaccount.LoginTest()[pri:0, instance:TestCases.TC_002_loginaccount@5e2c3d18]" name="LoginTest" class="TestCases.TC_002_loginaccount"/>
      </group> <!-- master -->
    </groups>
    <test started-at="2024-01-16T10:39:12 IST" name="Test" finished-at="2024-01-16T10:39:41 IST" duration-ms="28397">
      <class name="TestCases.TC_001_accountregistration">
        <test-method is-config="true" signature="setup(java.lang.String,java.lang.String)[pri:0, instance:TestCases.TC_001_accountregistration@5afa3c9]" started-at="2024-01-16T10:39:12 IST" name="setup" finished-at="2024-01-16T10:39:15 IST" duration-ms="2989" status="PASS">
          <params>
            <param index="0">
              <value>
                <![CDATA[Windows]]>
              </value>
            </param>
            <param index="1">
              <value>
                <![CDATA[chrome]]>
              </value>
            </param>
          </params>
          <reporter-output>
          </reporter-output>
        </test-method> <!-- setup -->
        <test-method signature="accountreg()[pri:0, instance:TestCases.TC_001_accountregistration@5afa3c9]" started-at="2024-01-16T10:39:15 IST" name="accountreg" finished-at="2024-01-16T10:39:23 IST" duration-ms="7574" status="PASS">
          <reporter-output>
          </reporter-output>
        </test-method> <!-- accountreg -->
        <test-method is-config="true" signature="teardown()[pri:0, instance:TestCases.TC_001_accountregistration@5afa3c9]" started-at="2024-01-16T10:39:23 IST" name="teardown" finished-at="2024-01-16T10:39:23 IST" duration-ms="298" status="PASS">
          <reporter-output>
          </reporter-output>
        </test-method> <!-- teardown -->
      </class> <!-- TestCases.TC_001_accountregistration -->
      <class name="TestCases.TC_002_loginaccount">
        <test-method is-config="true" signature="setup(java.lang.String,java.lang.String)[pri:0, instance:TestCases.TC_002_loginaccount@5e2c3d18]" started-at="2024-01-16T10:39:23 IST" name="setup" finished-at="2024-01-16T10:39:25 IST" duration-ms="1505" status="PASS">
          <params>
            <param index="0">
              <value>
                <![CDATA[Windows]]>
              </value>
            </param>
            <param index="1">
              <value>
                <![CDATA[chrome]]>
              </value>
            </param>
          </params>
          <reporter-output>
          </reporter-output>
        </test-method> <!-- setup -->
        <test-method signature="LoginTest()[pri:0, instance:TestCases.TC_002_loginaccount@5e2c3d18]" started-at="2024-01-16T10:39:25 IST" name="LoginTest" finished-at="2024-01-16T10:39:40 IST" duration-ms="15695" status="FAIL">
          <exception class="java.lang.AssertionError">
            <message>
              <![CDATA[null]]>
            </message>
            <full-stacktrace>
              <![CDATA[java.lang.AssertionError: null
at org.testng.Assert.fail(Assert.java:111)
at org.testng.Assert.fail(Assert.java:116)
at TestCases.TC_002_loginaccount.LoginTest(TC_002_loginaccount.java:39)
at java.base/jdk.internal.reflect.NativeMethodAccessorImpl.invoke0(Native Method)
at java.base/jdk.internal.reflect.NativeMethodAccessorImpl.invoke(NativeMethodAccessorImpl.java:77)
at java.base/jdk.internal.reflect.DelegatingMethodAccessorImpl.invoke(DelegatingMethodAccessorImpl.java:43)
at java.base/java.lang.reflect.Method.invoke(Method.java:568)
at org.testng.internal.invokers.MethodInvocationHelper.invokeMethod(MethodInvocationHelper.java:139)
at org.testng.internal.invokers.TestInvoker.invokeMethod(TestInvoker.java:664)
at org.testng.internal.invokers.TestInvoker.invokeTestMethod(TestInvoker.java:227)
at org.testng.internal.invokers.MethodRunner.runInSequence(MethodRunner.java:50)
at org.testng.internal.invokers.TestInvoker$MethodInvocationAgent.invoke(TestInvoker.java:957)
at org.testng.internal.invokers.TestInvoker.invokeTestMethods(TestInvoker.java:200)
at org.testng.internal.invokers.TestMethodWorker.invokeTestMethods(TestMethodWorker.java:148)
at org.testng.internal.invokers.TestMethodWorker.run(TestMethodWorker.java:128)
at java.base/java.util.ArrayList.forEach(ArrayList.java:1511)
at org.testng.TestRunner.privateRun(TestRunner.java:848)
at org.testng.TestRunner.run(TestRunner.java:621)
at org.testng.SuiteRunner.runTest(SuiteRunner.java:443)
at org.testng.SuiteRunner.runSequentially(SuiteRunner.java:437)
at org.testng.SuiteRunner.privateRun(SuiteRunner.java:397)
at org.testng.SuiteRunner.run(SuiteRunner.java:336)
at org.testng.SuiteRunnerWorker.runSuite(SuiteRunnerWorker.java:52)
at org.testng.SuiteRunnerWorker.run(SuiteRunnerWorker.java:95)
at org.testng.TestNG.runSuitesSequentially(TestNG.java:1280)
at org.testng.TestNG.runSuitesLocally(TestNG.java:1200)
at org.testng.TestNG.runSuites(TestNG.java:1114)
at org.testng.TestNG.run(TestNG.java:1082)
at org.testng.remote.AbstractRemoteTestNG.run(AbstractRemoteTestNG.java:115)
at org.testng.remote.RemoteTestNG.initAndRun(RemoteTestNG.java:251)
at org.testng.remote.RemoteTestNG.main(RemoteTestNG.java:77)
]]>
            </full-stacktrace>
          </exception> <!-- java.lang.AssertionError -->
          <reporter-output>
          </reporter-output>
        </test-method> <!-- LoginTest -->
        <test-method is-config="true" signature="teardown()[pri:0, instance:TestCases.TC_002_loginaccount@5e2c3d18]" started-at="2024-01-16T10:39:40 IST" name="teardown" finished-at="2024-01-16T10:39:41 IST" duration-ms="293" status="PASS">
          <reporter-output>
          </reporter-output>
        </test-method> <!-- teardown -->
      </class> <!-- TestCases.TC_002_loginaccount -->
    </test> <!-- Test -->
  </suite> <!-- Suite -->
</testng-results>
